2022-10-13 10:19:25,380 INFO c.c.r.p.RewardsProgramPoller [Thread-6] Checking purchase transaction table...
2022-10-13 10:19:25,389 INFO c.c.r.p.RewardsProgramPoller [Thread-6] Processed Transactions: 0
2022-10-13 10:19:30,394 INFO c.c.r.p.RewardsProgramPoller [Thread-6] Checking purchase transaction table...
2022-10-13 10:19:30,396 INFO c.c.r.p.RewardsProgramPoller [Thread-6] Processed Transactions: 0
2022-10-13 10:19:35,401 INFO c.c.r.p.RewardsProgramPoller [Thread-6] Checking purchase transaction table...
2022-10-13 10:19:35,403 INFO c.c.r.p.RewardsProgramPoller [Thread-6] Processed Transactions: 0
2022-10-13 10:19:35,750 INFO o.s.o.j.LocalContainerEntityManagerFactoryBean [SpringApplicationShutdownHook] Closing JPA EntityManagerFactory for persistence unit 'default'
2022-10-13 10:19:35,780 WARN o.s.b.f.s.DisposableBeanAdapter [SpringApplicationShutdownHook] Invocation of destroy method failed on bean with name 'inMemoryDatabaseShutdownExecutor': org.h2.jdbc.JdbcSQLNonTransientConnectionException: Database is already closed (to disable automatic closing at VM shutdown, add ";DB_CLOSE_ON_EXIT=FALSE" to the db URL) [90121-214]
2022-10-13 10:19:35,781 INFO c.z.h.HikariDataSource [SpringApplicationShutdownHook] HikariPool-1 - Shutdown initiated...
2022-10-13 10:19:35,791 INFO c.z.h.HikariDataSource [SpringApplicationShutdownHook] HikariPool-1 - Shutdown completed.
2022-10-13 10:25:11,951 INFO c.c.r.RewardsProgramApplication [restartedMain] Starting RewardsProgramApplication using Java 1.8.0_321 on Dons-MacBook-Pro.local with PID 7052 (/Users/dmacollo/Desktop/Projects/Java/rewards-program/target/classes started by dmacollo in /Users/dmacollo/Desktop/Projects/Java/rewards-program)
2022-10-13 10:25:12,080 INFO c.c.r.RewardsProgramApplication [restartedMain] No active profile set, falling back to 1 default profile: "default"
2022-10-13 10:25:12,209 INFO o.s.b.d.e.DevToolsPropertyDefaultsPostProcessor [restartedMain] Devtools property defaults active! Set 'spring.devtools.add-properties' to 'false' to disable
2022-10-13 10:25:12,211 INFO o.s.b.d.e.DevToolsPropertyDefaultsPostProcessor [restartedMain] For additional web related logging consider setting the 'logging.level.web' property to 'DEBUG'
2022-10-13 10:25:13,240 INFO o.s.d.r.c.RepositoryConfigurationDelegate [restartedMain] Bootstrapping Spring Data JPA repositories in DEFAULT mode.
2022-10-13 10:25:13,319 INFO o.s.d.r.c.RepositoryConfigurationDelegate [restartedMain] Finished Spring Data repository scanning in 66 ms. Found 3 JPA repository interfaces.
2022-10-13 10:25:14,769 INFO o.s.b.w.e.t.TomcatWebServer [restartedMain] Tomcat initialized with port(s): 8080 (http)
2022-10-13 10:25:14,795 INFO o.a.c.h.Http11NioProtocol [restartedMain] Initializing ProtocolHandler ["http-nio-8080"]
2022-10-13 10:25:14,796 INFO o.a.c.c.StandardService [restartedMain] Starting service [Tomcat]
2022-10-13 10:25:14,797 INFO o.a.c.c.StandardEngine [restartedMain] Starting Servlet engine: [Apache Tomcat/9.0.65]
2022-10-13 10:25:14,889 INFO o.a.c.c.C.[.[.[/] [restartedMain] Initializing Spring embedded WebApplicationContext
2022-10-13 10:25:14,890 INFO o.s.b.w.s.c.ServletWebServerApplicationContext [restartedMain] Root WebApplicationContext: initialization completed in 2677 ms
2022-10-13 10:25:15,044 INFO c.z.h.HikariDataSource [restartedMain] HikariPool-1 - Starting...
2022-10-13 10:25:15,290 INFO c.z.h.HikariDataSource [restartedMain] HikariPool-1 - Start completed.
2022-10-13 10:25:15,316 INFO o.s.b.a.h.H2ConsoleAutoConfiguration [restartedMain] H2 console available at '/h2-console'. Database available at 'jdbc:h2:mem:testdb'
2022-10-13 10:25:15,676 INFO o.h.j.i.u.LogHelper [restartedMain] HHH000204: Processing PersistenceUnitInfo [name: default]
2022-10-13 10:25:15,717 INFO o.h.Version [restartedMain] HHH000412: Hibernate ORM core version 5.6.11.Final
2022-10-13 10:25:15,868 INFO o.h.a.c.Version [restartedMain] HCANN000001: Hibernate Commons Annotations {5.1.2.Final}
2022-10-13 10:25:15,995 INFO o.h.d.Dialect [restartedMain] HHH000400: Using dialect: org.hibernate.dialect.H2Dialect
2022-10-13 10:25:16,735 INFO o.h.e.t.j.p.i.JtaPlatformInitiator [restartedMain] HHH000490: Using JtaPlatform implementation: [org.hibernate.engine.transaction.jta.platform.internal.NoJtaPlatform]
2022-10-13 10:25:16,751 INFO o.s.o.j.LocalContainerEntityManagerFactoryBean [restartedMain] Initialized JPA EntityManagerFactory for persistence unit 'default'
2022-10-13 10:25:17,690 INFO c.c.r.p.RewardsProgramPoller [restartedMain] Poller has been initialized
2022-10-13 10:25:17,780 INFO c.c.r.p.RewardsProgramPoller [restartedMain] Poller has been started
2022-10-13 10:25:17,890 WARN o.s.b.a.o.j.JpaBaseConfiguration$JpaWebConfiguration [restartedMain] spring.jpa.open-in-view is enabled by default. Therefore, database queries may be performed during view rendering. Explicitly configure spring.jpa.open-in-view to disable this warning
2022-10-13 10:25:18,643 INFO o.s.b.d.a.OptionalLiveReloadServer [restartedMain] LiveReload server is running on port 35729
2022-10-13 10:25:18,673 INFO o.a.c.h.Http11NioProtocol [restartedMain] Starting ProtocolHandler ["http-nio-8080"]
2022-10-13 10:25:18,697 INFO o.s.b.w.e.t.TomcatWebServer [restartedMain] Tomcat started on port(s): 8080 (http) with context path ''
2022-10-13 10:25:18,715 INFO c.c.r.RewardsProgramApplication [restartedMain] Started RewardsProgramApplication in 7.315 seconds (JVM running for 9.028)
2022-10-13 10:25:22,786 INFO c.c.r.p.RewardsProgramPoller [Thread-6] Checking purchase transaction table...
2022-10-13 10:25:22,932 INFO c.c.r.p.RewardsProgramPoller [Thread-6] Processing PurchaseReward [id=1, customerId=1, purchaseTransactionId=1, pointsEarned=50]
2022-10-13 10:25:23,034 INFO c.c.r.p.RewardsProgramPoller [Thread-6] Completed processing PurchaseReward [id=1, customerId=1, purchaseTransactionId=1, pointsEarned=50]
2022-10-13 10:25:23,034 INFO c.c.r.p.RewardsProgramPoller [Thread-6] Processing PurchaseReward [id=2, customerId=2, purchaseTransactionId=2, pointsEarned=90]
2022-10-13 10:25:23,039 INFO c.c.r.p.RewardsProgramPoller [Thread-6] Completed processing PurchaseReward [id=2, customerId=2, purchaseTransactionId=2, pointsEarned=90]
2022-10-13 10:25:23,040 INFO c.c.r.p.RewardsProgramPoller [Thread-6] Processing PurchaseReward [id=3, customerId=1, purchaseTransactionId=3, pointsEarned=250]
2022-10-13 10:25:23,043 INFO c.c.r.p.RewardsProgramPoller [Thread-6] Completed processing PurchaseReward [id=3, customerId=1, purchaseTransactionId=3, pointsEarned=250]
2022-10-13 10:25:23,043 INFO c.c.r.p.RewardsProgramPoller [Thread-6] Processed Transactions: 3
2022-10-13 10:25:28,090 INFO c.c.r.p.RewardsProgramPoller [Thread-6] Checking purchase transaction table...
2022-10-13 10:25:28,128 INFO c.c.r.p.RewardsProgramPoller [Thread-6] Processed Transactions: 0
2022-10-13 10:25:33,133 INFO c.c.r.p.RewardsProgramPoller [Thread-6] Checking purchase transaction table...
2022-10-13 10:25:33,293 INFO c.c.r.p.RewardsProgramPoller [Thread-6] Processed Transactions: 0
2022-10-13 10:25:33,480 INFO o.a.c.c.C.[.[.[/] [http-nio-8080-exec-2] Initializing Spring DispatcherServlet 'dispatcherServlet'
2022-10-13 10:25:33,482 INFO o.s.w.s.DispatcherServlet [http-nio-8080-exec-2] Initializing Servlet 'dispatcherServlet'
2022-10-13 10:25:33,512 INFO o.s.w.s.DispatcherServlet [http-nio-8080-exec-2] Completed initialization in 30 ms
2022-10-13 10:25:38,299 INFO c.c.r.p.RewardsProgramPoller [Thread-6] Checking purchase transaction table...
2022-10-13 10:25:38,321 INFO c.c.r.p.RewardsProgramPoller [Thread-6] Processed Transactions: 0
2022-10-13 10:25:43,328 INFO c.c.r.p.RewardsProgramPoller [Thread-6] Checking purchase transaction table...
2022-10-13 10:25:43,349 INFO c.c.r.p.RewardsProgramPoller [Thread-6] Processed Transactions: 0
2022-10-13 10:25:48,352 INFO c.c.r.p.RewardsProgramPoller [Thread-6] Checking purchase transaction table...
2022-10-13 10:25:48,375 INFO c.c.r.p.RewardsProgramPoller [Thread-6] Processed Transactions: 0
2022-10-13 10:25:53,386 INFO c.c.r.p.RewardsProgramPoller [Thread-6] Checking purchase transaction table...
2022-10-13 10:25:53,392 INFO c.c.r.p.RewardsProgramPoller [Thread-6] Processed Transactions: 0
2022-10-13 10:25:58,398 INFO c.c.r.p.RewardsProgramPoller [Thread-6] Checking purchase transaction table...
2022-10-13 10:25:58,412 INFO c.c.r.p.RewardsProgramPoller [Thread-6] Processed Transactions: 0
2022-10-13 10:26:03,421 INFO c.c.r.p.RewardsProgramPoller [Thread-6] Checking purchase transaction table...
2022-10-13 10:26:03,431 INFO c.c.r.p.RewardsProgramPoller [Thread-6] Processed Transactions: 0
2022-10-13 10:26:08,437 INFO c.c.r.p.RewardsProgramPoller [Thread-6] Checking purchase transaction table...
2022-10-13 10:26:08,441 INFO c.c.r.p.RewardsProgramPoller [Thread-6] Processed Transactions: 0
2022-10-13 10:26:13,446 INFO c.c.r.p.RewardsProgramPoller [Thread-6] Checking purchase transaction table...
2022-10-13 10:26:13,448 INFO c.c.r.p.RewardsProgramPoller [Thread-6] Processed Transactions: 0
2022-10-13 10:26:18,453 INFO c.c.r.p.RewardsProgramPoller [Thread-6] Checking purchase transaction table...
2022-10-13 10:26:18,456 INFO c.c.r.p.RewardsProgramPoller [Thread-6] Processed Transactions: 0
2022-10-13 10:26:23,460 INFO c.c.r.p.RewardsProgramPoller [Thread-6] Checking purchase transaction table...
2022-10-13 10:26:23,469 INFO c.c.r.p.RewardsProgramPoller [Thread-6] Processed Transactions: 0
2022-10-13 10:26:28,475 INFO c.c.r.p.RewardsProgramPoller [Thread-6] Checking purchase transaction table...
2022-10-13 10:26:28,482 INFO c.c.r.p.RewardsProgramPoller [Thread-6] Processed Transactions: 0
2022-10-13 10:26:33,487 INFO c.c.r.p.RewardsProgramPoller [Thread-6] Checking purchase transaction table...
2022-10-13 10:26:33,500 INFO c.c.r.p.RewardsProgramPoller [Thread-6] Processed Transactions: 0
2022-10-13 10:26:38,509 INFO c.c.r.p.RewardsProgramPoller [Thread-6] Checking purchase transaction table...
2022-10-13 10:26:38,560 INFO c.c.r.p.RewardsProgramPoller [Thread-6] Processed Transactions: 0
2022-10-13 10:26:43,566 INFO c.c.r.p.RewardsProgramPoller [Thread-6] Checking purchase transaction table...
2022-10-13 10:26:43,597 INFO c.c.r.p.RewardsProgramPoller [Thread-6] Processed Transactions: 0
2022-10-13 10:26:48,602 INFO c.c.r.p.RewardsProgramPoller [Thread-6] Checking purchase transaction table...
2022-10-13 10:26:48,608 INFO c.c.r.p.RewardsProgramPoller [Thread-6] Processed Transactions: 0
2022-10-13 10:26:53,611 INFO c.c.r.p.RewardsProgramPoller [Thread-6] Checking purchase transaction table...
2022-10-13 10:26:53,615 INFO c.c.r.p.RewardsProgramPoller [Thread-6] Processed Transactions: 0
2022-10-13 10:26:58,620 INFO c.c.r.p.RewardsProgramPoller [Thread-6] Checking purchase transaction table...
2022-10-13 10:26:58,637 INFO c.c.r.p.RewardsProgramPoller [Thread-6] Processed Transactions: 0
2022-10-13 10:27:03,643 INFO c.c.r.p.RewardsProgramPoller [Thread-6] Checking purchase transaction table...
2022-10-13 10:27:03,652 INFO c.c.r.p.RewardsProgramPoller [Thread-6] Processed Transactions: 0
2022-10-13 10:27:08,655 INFO c.c.r.p.RewardsProgramPoller [Thread-6] Checking purchase transaction table...
2022-10-13 10:27:08,662 INFO c.c.r.p.RewardsProgramPoller [Thread-6] Processed Transactions: 0
2022-10-13 10:27:13,668 INFO c.c.r.p.RewardsProgramPoller [Thread-6] Checking purchase transaction table...
2022-10-13 10:27:13,673 INFO c.c.r.p.RewardsProgramPoller [Thread-6] Processed Transactions: 0
2022-10-13 10:27:18,679 INFO c.c.r.p.RewardsProgramPoller [Thread-6] Checking purchase transaction table...
2022-10-13 10:27:18,681 INFO c.c.r.p.RewardsProgramPoller [Thread-6] Processed Transactions: 0
2022-10-13 10:27:23,686 INFO c.c.r.p.RewardsProgramPoller [Thread-6] Checking purchase transaction table...
2022-10-13 10:27:23,688 INFO c.c.r.p.RewardsProgramPoller [Thread-6] Processed Transactions: 0
2022-10-13 10:27:28,692 INFO c.c.r.p.RewardsProgramPoller [Thread-6] Checking purchase transaction table...
2022-10-13 10:27:28,704 INFO c.c.r.p.RewardsProgramPoller [Thread-6] Processed Transactions: 0
2022-10-13 10:27:33,709 INFO c.c.r.p.RewardsProgramPoller [Thread-6] Checking purchase transaction table...
2022-10-13 10:27:33,711 INFO c.c.r.p.RewardsProgramPoller [Thread-6] Processed Transactions: 0
2022-10-13 10:27:38,716 INFO c.c.r.p.RewardsProgramPoller [Thread-6] Checking purchase transaction table...
2022-10-13 10:27:38,720 INFO c.c.r.p.RewardsProgramPoller [Thread-6] Processed Transactions: 0
2022-10-13 10:27:43,725 INFO c.c.r.p.RewardsProgramPoller [Thread-6] Checking purchase transaction table...
2022-10-13 10:27:43,728 INFO c.c.r.p.RewardsProgramPoller [Thread-6] Processed Transactions: 0
2022-10-13 10:27:48,733 INFO c.c.r.p.RewardsProgramPoller [Thread-6] Checking purchase transaction table...
2022-10-13 10:27:48,737 INFO c.c.r.p.RewardsProgramPoller [Thread-6] Processed Transactions: 0
2022-10-13 10:27:53,743 INFO c.c.r.p.RewardsProgramPoller [Thread-6] Checking purchase transaction table...
2022-10-13 10:27:53,746 INFO c.c.r.p.RewardsProgramPoller [Thread-6] Processed Transactions: 0
2022-10-13 10:27:58,751 INFO c.c.r.p.RewardsProgramPoller [Thread-6] Checking purchase transaction table...
2022-10-13 10:27:58,758 INFO c.c.r.p.RewardsProgramPoller [Thread-6] Processed Transactions: 0
2022-10-13 10:28:03,764 INFO c.c.r.p.RewardsProgramPoller [Thread-6] Checking purchase transaction table...
2022-10-13 10:28:03,765 INFO c.c.r.p.RewardsProgramPoller [Thread-6] Processed Transactions: 0
2022-10-13 10:28:08,770 INFO c.c.r.p.RewardsProgramPoller [Thread-6] Checking purchase transaction table...
2022-10-13 10:28:08,774 INFO c.c.r.p.RewardsProgramPoller [Thread-6] Processed Transactions: 0
2022-10-13 10:28:13,779 INFO c.c.r.p.RewardsProgramPoller [Thread-6] Checking purchase transaction table...
2022-10-13 10:28:13,781 INFO c.c.r.p.RewardsProgramPoller [Thread-6] Processed Transactions: 0
2022-10-13 10:28:14,438 INFO o.s.b.d.a.LocalDevToolsAutoConfiguration$RestartingClassPathChangeChangedEventListener [File Watcher] Restarting due to 1 class path change (1 addition, 0 deletions, 0 modifications)
2022-10-13 10:28:14,537 INFO o.a.c.h.Http11NioProtocol [Thread-8] Pausing ProtocolHandler ["http-nio-8080"]
2022-10-13 10:28:14,538 INFO o.a.c.c.StandardService [Thread-8] Stopping service [Tomcat]
2022-10-13 10:28:14,547 INFO o.a.c.c.C.[.[.[/] [Thread-8] Destroying Spring FrameworkServlet 'dispatcherServlet'
2022-10-13 10:28:14,578 INFO o.a.c.h.Http11NioProtocol [Thread-8] Stopping ProtocolHandler ["http-nio-8080"]
2022-10-13 10:28:14,597 INFO o.a.c.h.Http11NioProtocol [Thread-8] Destroying ProtocolHandler ["http-nio-8080"]
2022-10-13 10:28:14,617 INFO o.s.o.j.LocalContainerEntityManagerFactoryBean [Thread-8] Closing JPA EntityManagerFactory for persistence unit 'default'
2022-10-13 10:28:14,873 WARN o.s.b.f.s.DisposableBeanAdapter [Thread-8] Invocation of destroy method failed on bean with name 'inMemoryDatabaseShutdownExecutor': org.h2.jdbc.JdbcSQLNonTransientConnectionException: Database is already closed (to disable automatic closing at VM shutdown, add ";DB_CLOSE_ON_EXIT=FALSE" to the db URL) [90121-214]
2022-10-13 10:28:14,874 INFO c.z.h.HikariDataSource [Thread-8] HikariPool-1 - Shutdown initiated...
2022-10-13 10:28:14,894 INFO c.z.h.HikariDataSource [Thread-8] HikariPool-1 - Shutdown completed.
2022-10-13 10:28:15,825 INFO c.c.r.RewardsProgramApplication [restartedMain] Starting RewardsProgramApplication using Java 1.8.0_321 on Dons-MacBook-Pro.local with PID 7052 (/Users/dmacollo/Desktop/Projects/Java/rewards-program/target/classes started by dmacollo in /Users/dmacollo/Desktop/Projects/Java/rewards-program)
2022-10-13 10:28:15,831 INFO c.c.r.RewardsProgramApplication [restartedMain] No active profile set, falling back to 1 default profile: "default"
2022-10-13 10:28:16,300 INFO o.s.d.r.c.RepositoryConfigurationDelegate [restartedMain] Bootstrapping Spring Data JPA repositories in DEFAULT mode.
2022-10-13 10:28:16,332 INFO o.s.d.r.c.RepositoryConfigurationDelegate [restartedMain] Finished Spring Data repository scanning in 30 ms. Found 3 JPA repository interfaces.
2022-10-13 10:28:16,774 INFO o.s.b.w.e.t.TomcatWebServer [restartedMain] Tomcat initialized with port(s): 8080 (http)
2022-10-13 10:28:16,783 INFO o.a.c.h.Http11NioProtocol [restartedMain] Initializing ProtocolHandler ["http-nio-8080"]
2022-10-13 10:28:16,784 INFO o.a.c.c.StandardService [restartedMain] Starting service [Tomcat]
2022-10-13 10:28:16,784 INFO o.a.c.c.StandardEngine [restartedMain] Starting Servlet engine: [Apache Tomcat/9.0.65]
2022-10-13 10:28:16,799 INFO o.a.c.c.C.[.[.[/] [restartedMain] Initializing Spring embedded WebApplicationContext
2022-10-13 10:28:16,799 INFO o.s.b.w.s.c.ServletWebServerApplicationContext [restartedMain] Root WebApplicationContext: initialization completed in 946 ms
2022-10-13 10:28:16,905 INFO c.z.h.HikariDataSource [restartedMain] HikariPool-2 - Starting...
2022-10-13 10:28:16,918 INFO c.z.h.HikariDataSource [restartedMain] HikariPool-2 - Start completed.
2022-10-13 10:28:16,920 INFO o.s.b.a.h.H2ConsoleAutoConfiguration [restartedMain] H2 console available at '/h2-console'. Database available at 'jdbc:h2:mem:testdb'
2022-10-13 10:28:17,029 INFO o.h.j.i.u.LogHelper [restartedMain] HHH000204: Processing PersistenceUnitInfo [name: default]
2022-10-13 10:28:17,039 INFO o.h.d.Dialect [restartedMain] HHH000400: Using dialect: org.hibernate.dialect.H2Dialect
2022-10-13 10:28:17,185 INFO o.h.e.t.j.p.i.JtaPlatformInitiator [restartedMain] HHH000490: Using JtaPlatform implementation: [org.hibernate.engine.transaction.jta.platform.internal.NoJtaPlatform]
2022-10-13 10:28:17,186 INFO o.s.o.j.LocalContainerEntityManagerFactoryBean [restartedMain] Initialized JPA EntityManagerFactory for persistence unit 'default'
2022-10-13 10:28:17,360 INFO c.c.r.p.RewardsProgramPoller [restartedMain] Poller has been initialized
2022-10-13 10:28:17,398 INFO c.c.r.p.RewardsProgramPoller [restartedMain] Poller has been started
2022-10-13 10:28:17,424 WARN o.s.b.a.o.j.JpaBaseConfiguration$JpaWebConfiguration [restartedMain] spring.jpa.open-in-view is enabled by default. Therefore, database queries may be performed during view rendering. Explicitly configure spring.jpa.open-in-view to disable this warning
2022-10-13 10:28:17,604 INFO o.s.b.d.a.OptionalLiveReloadServer [restartedMain] LiveReload server is running on port 35729
2022-10-13 10:28:17,617 INFO o.a.c.h.Http11NioProtocol [restartedMain] Starting ProtocolHandler ["http-nio-8080"]
2022-10-13 10:28:17,620 INFO o.s.b.w.e.t.TomcatWebServer [restartedMain] Tomcat started on port(s): 8080 (http) with context path ''
2022-10-13 10:28:17,630 INFO c.c.r.RewardsProgramApplication [restartedMain] Started RewardsProgramApplication in 2.277 seconds (JVM running for 187.946)
2022-10-13 10:28:17,648 INFO o.s.b.d.a.ConditionEvaluationDeltaLoggingListener [restartedMain] Condition evaluation unchanged
2022-10-13 10:28:18,786 INFO c.c.r.p.RewardsProgramPoller [Thread-6] Checking purchase transaction table...
2022-10-13 10:28:22,404 INFO c.c.r.p.RewardsProgramPoller [Thread-13] Checking purchase transaction table...
2022-10-13 10:28:22,481 INFO c.c.r.p.RewardsProgramPoller [Thread-13] Processing PurchaseReward [id=1, customerId=1, purchaseTransactionId=1, pointsEarned=50]
2022-10-13 10:28:22,538 INFO c.c.r.p.RewardsProgramPoller [Thread-13] Completed processing PurchaseReward [id=1, customerId=1, purchaseTransactionId=1, pointsEarned=50]
2022-10-13 10:28:22,539 INFO c.c.r.p.RewardsProgramPoller [Thread-13] Processing PurchaseReward [id=2, customerId=2, purchaseTransactionId=2, pointsEarned=90]
2022-10-13 10:28:22,543 INFO c.c.r.p.RewardsProgramPoller [Thread-13] Completed processing PurchaseReward [id=2, customerId=2, purchaseTransactionId=2, pointsEarned=90]
2022-10-13 10:28:22,543 INFO c.c.r.p.RewardsProgramPoller [Thread-13] Processing PurchaseReward [id=3, customerId=1, purchaseTransactionId=3, pointsEarned=250]
2022-10-13 10:28:22,546 INFO c.c.r.p.RewardsProgramPoller [Thread-13] Completed processing PurchaseReward [id=3, customerId=1, purchaseTransactionId=3, pointsEarned=250]
2022-10-13 10:28:22,546 INFO c.c.r.p.RewardsProgramPoller [Thread-13] Processed Transactions: 3
2022-10-13 10:28:27,552 INFO c.c.r.p.RewardsProgramPoller [Thread-13] Checking purchase transaction table...
2022-10-13 10:28:27,561 INFO c.c.r.p.RewardsProgramPoller [Thread-13] Processed Transactions: 0
2022-10-13 10:28:32,566 INFO c.c.r.p.RewardsProgramPoller [Thread-13] Checking purchase transaction table...
2022-10-13 10:28:32,569 INFO c.c.r.p.RewardsProgramPoller [Thread-13] Processed Transactions: 0
2022-10-13 10:28:35,427 INFO o.s.o.j.LocalContainerEntityManagerFactoryBean [SpringApplicationShutdownHook] Closing JPA EntityManagerFactory for persistence unit 'default'
2022-10-13 10:28:35,785 WARN o.s.b.f.s.DisposableBeanAdapter [SpringApplicationShutdownHook] Invocation of destroy method failed on bean with name 'inMemoryDatabaseShutdownExecutor': org.h2.jdbc.JdbcSQLNonTransientConnectionException: Database is already closed (to disable automatic closing at VM shutdown, add ";DB_CLOSE_ON_EXIT=FALSE" to the db URL) [90121-214]
2022-10-13 10:28:35,790 INFO c.z.h.HikariDataSource [SpringApplicationShutdownHook] HikariPool-2 - Shutdown initiated...
2022-10-13 10:28:35,841 INFO c.z.h.HikariDataSource [SpringApplicationShutdownHook] HikariPool-2 - Shutdown completed.
2022-10-13 10:39:14,070 INFO c.c.r.RewardsProgramApplication [restartedMain] Starting RewardsProgramApplication using Java 1.8.0_321 on Dons-MacBook-Pro.local with PID 7246 (/Users/dmacollo/Desktop/Projects/Java/rewards-program/target/classes started by dmacollo in /Users/dmacollo/Desktop/Projects/Java/rewards-program)
2022-10-13 10:39:14,081 INFO c.c.r.RewardsProgramApplication [restartedMain] No active profile set, falling back to 1 default profile: "default"
2022-10-13 10:39:14,277 INFO o.s.b.d.e.DevToolsPropertyDefaultsPostProcessor [restartedMain] Devtools property defaults active! Set 'spring.devtools.add-properties' to 'false' to disable
2022-10-13 10:39:14,278 INFO o.s.b.d.e.DevToolsPropertyDefaultsPostProcessor [restartedMain] For additional web related logging consider setting the 'logging.level.web' property to 'DEBUG'
2022-10-13 10:39:15,281 INFO o.s.d.r.c.RepositoryConfigurationDelegate [restartedMain] Bootstrapping Spring Data JPA repositories in DEFAULT mode.
2022-10-13 10:39:15,376 INFO o.s.d.r.c.RepositoryConfigurationDelegate [restartedMain] Finished Spring Data repository scanning in 79 ms. Found 3 JPA repository interfaces.
2022-10-13 10:39:16,752 INFO o.s.b.w.e.t.TomcatWebServer [restartedMain] Tomcat initialized with port(s): 8080 (http)
2022-10-13 10:39:16,775 INFO o.a.c.h.Http11NioProtocol [restartedMain] Initializing ProtocolHandler ["http-nio-8080"]
2022-10-13 10:39:16,776 INFO o.a.c.c.StandardService [restartedMain] Starting service [Tomcat]
2022-10-13 10:39:16,776 INFO o.a.c.c.StandardEngine [restartedMain] Starting Servlet engine: [Apache Tomcat/9.0.65]
2022-10-13 10:39:16,863 INFO o.a.c.c.C.[.[.[/] [restartedMain] Initializing Spring embedded WebApplicationContext
2022-10-13 10:39:16,864 INFO o.s.b.w.s.c.ServletWebServerApplicationContext [restartedMain] Root WebApplicationContext: initialization completed in 2586 ms
2022-10-13 10:39:17,006 INFO c.z.h.HikariDataSource [restartedMain] HikariPool-1 - Starting...
2022-10-13 10:39:17,235 INFO c.z.h.HikariDataSource [restartedMain] HikariPool-1 - Start completed.
2022-10-13 10:39:17,258 INFO o.s.b.a.h.H2ConsoleAutoConfiguration [restartedMain] H2 console available at '/h2-console'. Database available at 'jdbc:h2:mem:testdb'
2022-10-13 10:39:17,620 INFO o.h.j.i.u.LogHelper [restartedMain] HHH000204: Processing PersistenceUnitInfo [name: default]
2022-10-13 10:39:17,682 INFO o.h.Version [restartedMain] HHH000412: Hibernate ORM core version 5.6.11.Final
2022-10-13 10:39:17,829 INFO o.h.a.c.Version [restartedMain] HCANN000001: Hibernate Commons Annotations {5.1.2.Final}
2022-10-13 10:39:17,939 INFO o.h.d.Dialect [restartedMain] HHH000400: Using dialect: org.hibernate.dialect.H2Dialect
2022-10-13 10:39:18,627 INFO o.h.e.t.j.p.i.JtaPlatformInitiator [restartedMain] HHH000490: Using JtaPlatform implementation: [org.hibernate.engine.transaction.jta.platform.internal.NoJtaPlatform]
2022-10-13 10:39:18,635 INFO o.s.o.j.LocalContainerEntityManagerFactoryBean [restartedMain] Initialized JPA EntityManagerFactory for persistence unit 'default'
2022-10-13 10:39:19,472 INFO c.c.r.p.RewardsProgramPoller [restartedMain] Poller has been initialized
2022-10-13 10:39:19,581 INFO c.c.r.p.RewardsProgramPoller [restartedMain] Poller has been started
2022-10-13 10:39:19,759 WARN o.s.b.a.o.j.JpaBaseConfiguration$JpaWebConfiguration [restartedMain] spring.jpa.open-in-view is enabled by default. Therefore, database queries may be performed during view rendering. Explicitly configure spring.jpa.open-in-view to disable this warning
2022-10-13 10:39:20,395 INFO o.s.b.d.a.OptionalLiveReloadServer [restartedMain] LiveReload server is running on port 35729
2022-10-13 10:39:20,426 INFO o.a.c.h.Http11NioProtocol [restartedMain] Starting ProtocolHandler ["http-nio-8080"]
2022-10-13 10:39:20,450 INFO o.s.b.w.e.t.TomcatWebServer [restartedMain] Tomcat started on port(s): 8080 (http) with context path ''
2022-10-13 10:39:20,468 INFO c.c.r.RewardsProgramApplication [restartedMain] Started RewardsProgramApplication in 6.941 seconds (JVM running for 8.536)
2022-10-13 10:39:24,588 INFO c.c.r.p.RewardsProgramPoller [Thread-6] Checking purchase transaction table...
2022-10-13 10:39:24,749 INFO c.c.r.p.RewardsProgramPoller [Thread-6] Processing PurchaseReward [id=1, customerId=1, purchaseTransactionId=1, pointsEarned=50]
2022-10-13 10:39:24,893 INFO c.c.r.p.RewardsProgramPoller [Thread-6] Completed processing PurchaseReward [id=1, customerId=1, purchaseTransactionId=1, pointsEarned=50]
2022-10-13 10:39:24,894 INFO c.c.r.p.RewardsProgramPoller [Thread-6] Processing PurchaseReward [id=2, customerId=2, purchaseTransactionId=2, pointsEarned=90]
2022-10-13 10:39:24,901 INFO c.c.r.p.RewardsProgramPoller [Thread-6] Completed processing PurchaseReward [id=2, customerId=2, purchaseTransactionId=2, pointsEarned=90]
2022-10-13 10:39:24,902 INFO c.c.r.p.RewardsProgramPoller [Thread-6] Processing PurchaseReward [id=3, customerId=1, purchaseTransactionId=3, pointsEarned=250]
2022-10-13 10:39:24,905 INFO c.c.r.p.RewardsProgramPoller [Thread-6] Completed processing PurchaseReward [id=3, customerId=1, purchaseTransactionId=3, pointsEarned=250]
2022-10-13 10:39:24,905 INFO c.c.r.p.RewardsProgramPoller [Thread-6] Processed Transactions: 3
2022-10-13 10:39:28,339 INFO o.a.c.c.C.[.[.[/] [http-nio-8080-exec-2] Initializing Spring DispatcherServlet 'dispatcherServlet'
2022-10-13 10:39:28,340 INFO o.s.w.s.DispatcherServlet [http-nio-8080-exec-2] Initializing Servlet 'dispatcherServlet'
2022-10-13 10:39:28,351 INFO o.s.w.s.DispatcherServlet [http-nio-8080-exec-2] Completed initialization in 11 ms
2022-10-13 10:39:29,911 INFO c.c.r.p.RewardsProgramPoller [Thread-6] Checking purchase transaction table...
2022-10-13 10:39:29,926 INFO c.c.r.p.RewardsProgramPoller [Thread-6] Processed Transactions: 0
2022-10-13 10:39:34,927 INFO c.c.r.p.RewardsProgramPoller [Thread-6] Checking purchase transaction table...
2022-10-13 10:39:34,954 INFO c.c.r.p.RewardsProgramPoller [Thread-6] Processed Transactions: 0
2022-10-13 10:39:39,958 INFO c.c.r.p.RewardsProgramPoller [Thread-6] Checking purchase transaction table...
2022-10-13 10:39:40,002 INFO c.c.r.p.RewardsProgramPoller [Thread-6] Processed Transactions: 0
2022-10-13 10:39:45,008 INFO c.c.r.p.RewardsProgramPoller [Thread-6] Checking purchase transaction table...
2022-10-13 10:39:45,029 INFO c.c.r.p.RewardsProgramPoller [Thread-6] Processed Transactions: 0
2022-10-13 10:39:50,035 INFO c.c.r.p.RewardsProgramPoller [Thread-6] Checking purchase transaction table...
2022-10-13 10:39:50,072 INFO c.c.r.p.RewardsProgramPoller [Thread-6] Processed Transactions: 0
2022-10-13 10:39:55,083 INFO c.c.r.p.RewardsProgramPoller [Thread-6] Checking purchase transaction table...
2022-10-13 10:39:55,092 INFO c.c.r.p.RewardsProgramPoller [Thread-6] Processed Transactions: 0
2022-10-13 10:40:00,098 INFO c.c.r.p.RewardsProgramPoller [Thread-6] Checking purchase transaction table...
2022-10-13 10:40:00,109 INFO c.c.r.p.RewardsProgramPoller [Thread-6] Processed Transactions: 0
2022-10-13 10:40:05,114 INFO c.c.r.p.RewardsProgramPoller [Thread-6] Checking purchase transaction table...
2022-10-13 10:40:05,133 INFO c.c.r.p.RewardsProgramPoller [Thread-6] Processed Transactions: 0
2022-10-13 10:40:10,137 INFO c.c.r.p.RewardsProgramPoller [Thread-6] Checking purchase transaction table...
2022-10-13 10:40:10,146 INFO c.c.r.p.RewardsProgramPoller [Thread-6] Processed Transactions: 0
2022-10-13 10:40:15,147 INFO c.c.r.p.RewardsProgramPoller [Thread-6] Checking purchase transaction table...
2022-10-13 10:40:15,153 INFO c.c.r.p.RewardsProgramPoller [Thread-6] Processed Transactions: 0
2022-10-13 10:40:20,162 INFO c.c.r.p.RewardsProgramPoller [Thread-6] Checking purchase transaction table...
2022-10-13 10:40:20,164 INFO c.c.r.p.RewardsProgramPoller [Thread-6] Processed Transactions: 0
2022-10-13 10:40:25,171 INFO c.c.r.p.RewardsProgramPoller [Thread-6] Checking purchase transaction table...
2022-10-13 10:40:25,181 INFO c.c.r.p.RewardsProgramPoller [Thread-6] Processed Transactions: 0
2022-10-13 10:40:30,186 INFO c.c.r.p.RewardsProgramPoller [Thread-6] Checking purchase transaction table...
2022-10-13 10:40:30,189 INFO c.c.r.p.RewardsProgramPoller [Thread-6] Processed Transactions: 0
2022-10-13 10:40:35,194 INFO c.c.r.p.RewardsProgramPoller [Thread-6] Checking purchase transaction table...
2022-10-13 10:40:35,234 INFO c.c.r.p.RewardsProgramPoller [Thread-6] Processed Transactions: 0
2022-10-13 10:40:38,743 INFO o.s.o.j.LocalContainerEntityManagerFactoryBean [SpringApplicationShutdownHook] Closing JPA EntityManagerFactory for persistence unit 'default'
2022-10-13 10:40:38,813 ERROR c.z.h.p.HikariPool [HikariPool-1 connection adder] HikariPool-1 - Error thrown while acquiring connection from data source
org.h2.jdbc.JdbcSQLNonTransientConnectionException: The database is open in exclusive mode; can not open additional connections [90135-214]
	at org.h2.message.DbException.getJdbcSQLException(DbException.java:678) ~[h2-2.1.214.jar:2.1.214]
	at org.h2.message.DbException.getJdbcSQLException(DbException.java:477) ~[h2-2.1.214.jar:2.1.214]
	at org.h2.message.DbException.get(DbException.java:223) ~[h2-2.1.214.jar:2.1.214]
	at org.h2.message.DbException.get(DbException.java:199) ~[h2-2.1.214.jar:2.1.214]
	at org.h2.message.DbException.get(DbException.java:188) ~[h2-2.1.214.jar:2.1.214]
	at org.h2.engine.SessionLocal.checkSuspended(SessionLocal.java:1240) ~[h2-2.1.214.jar:2.1.214]
	at org.h2.engine.SessionLocal.transitionToState(SessionLocal.java:1232) ~[h2-2.1.214.jar:2.1.214]
	at org.h2.engine.SessionLocal.setCurrentCommand(SessionLocal.java:1210) ~[h2-2.1.214.jar:2.1.214]
	at org.h2.engine.SessionLocal.startStatementWithinTransaction(SessionLocal.java:1658) ~[h2-2.1.214.jar:2.1.214]
	at org.h2.command.Command.executeQuery(Command.java:184) ~[h2-2.1.214.jar:2.1.214]
	at org.h2.jdbc.JdbcConnection.isReadOnly(JdbcConnection.java:538) ~[h2-2.1.214.jar:2.1.214]
	at com.zaxxer.hikari.pool.PoolBase.setupConnection(PoolBase.java:408) ~[HikariCP-4.0.3.jar:?]
	at com.zaxxer.hikari.pool.PoolBase.newConnection(PoolBase.java:369) ~[HikariCP-4.0.3.jar:?]
	at com.zaxxer.hikari.pool.PoolBase.newPoolEntry(PoolBase.java:206) ~[HikariCP-4.0.3.jar:?]
	at com.zaxxer.hikari.pool.HikariPool.createPoolEntry(HikariPool.java:476) ~[HikariCP-4.0.3.jar:?]
	at com.zaxxer.hikari.pool.HikariPool.access$100(HikariPool.java:71) ~[HikariCP-4.0.3.jar:?]
	at com.zaxxer.hikari.pool.HikariPool$PoolEntryCreator.call(HikariPool.java:726) ~[HikariCP-4.0.3.jar:?]
	at com.zaxxer.hikari.pool.HikariPool$PoolEntryCreator.call(HikariPool.java:712) ~[HikariCP-4.0.3.jar:?]
	at java.util.concurrent.FutureTask.run(FutureTask.java:266) ~[?:1.8.0_321]
	at java.util.concurrent.ThreadPoolExecutor.runWorker(ThreadPoolExecutor.java:1149) ~[?:1.8.0_321]
	at java.util.concurrent.ThreadPoolExecutor$Worker.run(ThreadPoolExecutor.java:624) ~[?:1.8.0_321]
	at java.lang.Thread.run(Thread.java:750) ~[?:1.8.0_321]
2022-10-13 10:40:39,014 WARN o.s.b.f.s.DisposableBeanAdapter [SpringApplicationShutdownHook] Invocation of destroy method failed on bean with name 'inMemoryDatabaseShutdownExecutor': org.h2.jdbc.JdbcSQLNonTransientConnectionException: Database is already closed (to disable automatic closing at VM shutdown, add ";DB_CLOSE_ON_EXIT=FALSE" to the db URL) [90121-214]
2022-10-13 10:40:39,016 INFO c.z.h.HikariDataSource [SpringApplicationShutdownHook] HikariPool-1 - Shutdown initiated...
2022-10-13 10:40:39,087 INFO c.z.h.HikariDataSource [SpringApplicationShutdownHook] HikariPool-1 - Shutdown completed.
2022-10-13 10:42:15,010 INFO c.c.r.RewardsProgramApplication [restartedMain] Starting RewardsProgramApplication using Java 1.8.0_321 on Dons-MacBook-Pro.local with PID 7251 (/Users/dmacollo/Desktop/Projects/Java/rewards-program/target/classes started by dmacollo in /Users/dmacollo/Desktop/Projects/Java/rewards-program)
2022-10-13 10:42:15,076 INFO c.c.r.RewardsProgramApplication [restartedMain] No active profile set, falling back to 1 default profile: "default"
2022-10-13 10:42:15,233 INFO o.s.b.d.e.DevToolsPropertyDefaultsPostProcessor [restartedMain] Devtools property defaults active! Set 'spring.devtools.add-properties' to 'false' to disable
2022-10-13 10:42:15,234 INFO o.s.b.d.e.DevToolsPropertyDefaultsPostProcessor [restartedMain] For additional web related logging consider setting the 'logging.level.web' property to 'DEBUG'
2022-10-13 10:42:16,197 INFO o.s.d.r.c.RepositoryConfigurationDelegate [restartedMain] Bootstrapping Spring Data JPA repositories in DEFAULT mode.
2022-10-13 10:42:16,285 INFO o.s.d.r.c.RepositoryConfigurationDelegate [restartedMain] Finished Spring Data repository scanning in 75 ms. Found 3 JPA repository interfaces.
2022-10-13 10:42:17,528 INFO o.s.b.w.e.t.TomcatWebServer [restartedMain] Tomcat initialized with port(s): 8080 (http)
2022-10-13 10:42:17,554 INFO o.a.c.h.Http11NioProtocol [restartedMain] Initializing ProtocolHandler ["http-nio-8080"]
2022-10-13 10:42:17,555 INFO o.a.c.c.StandardService [restartedMain] Starting service [Tomcat]
2022-10-13 10:42:17,555 INFO o.a.c.c.StandardEngine [restartedMain] Starting Servlet engine: [Apache Tomcat/9.0.65]
2022-10-13 10:42:17,640 INFO o.a.c.c.C.[.[.[/] [restartedMain] Initializing Spring embedded WebApplicationContext
2022-10-13 10:42:17,641 INFO o.s.b.w.s.c.ServletWebServerApplicationContext [restartedMain] Root WebApplicationContext: initialization completed in 2407 ms
2022-10-13 10:42:17,777 INFO c.z.h.HikariDataSource [restartedMain] HikariPool-1 - Starting...
2022-10-13 10:42:18,049 INFO c.z.h.HikariDataSource [restartedMain] HikariPool-1 - Start completed.
2022-10-13 10:42:18,075 INFO o.s.b.a.h.H2ConsoleAutoConfiguration [restartedMain] H2 console available at '/h2-console'. Database available at 'jdbc:h2:mem:testdb'
2022-10-13 10:42:18,452 INFO o.h.j.i.u.LogHelper [restartedMain] HHH000204: Processing PersistenceUnitInfo [name: default]
2022-10-13 10:42:18,495 INFO o.h.Version [restartedMain] HHH000412: Hibernate ORM core version 5.6.11.Final
2022-10-13 10:42:18,640 INFO o.h.a.c.Version [restartedMain] HCANN000001: Hibernate Commons Annotations {5.1.2.Final}
2022-10-13 10:42:18,770 INFO o.h.d.Dialect [restartedMain] HHH000400: Using dialect: org.hibernate.dialect.H2Dialect
2022-10-13 10:42:19,403 INFO o.h.e.t.j.p.i.JtaPlatformInitiator [restartedMain] HHH000490: Using JtaPlatform implementation: [org.hibernate.engine.transaction.jta.platform.internal.NoJtaPlatform]
2022-10-13 10:42:19,413 INFO o.s.o.j.LocalContainerEntityManagerFactoryBean [restartedMain] Initialized JPA EntityManagerFactory for persistence unit 'default'
2022-10-13 10:42:20,313 INFO c.c.r.p.RewardsProgramPoller [restartedMain] Poller has been initialized
2022-10-13 10:42:20,432 INFO c.c.r.p.RewardsProgramPoller [restartedMain] Poller has been started
2022-10-13 10:42:20,554 WARN o.s.b.a.o.j.JpaBaseConfiguration$JpaWebConfiguration [restartedMain] spring.jpa.open-in-view is enabled by default. Therefore, database queries may be performed during view rendering. Explicitly configure spring.jpa.open-in-view to disable this warning
2022-10-13 10:42:21,377 INFO o.s.b.d.a.OptionalLiveReloadServer [restartedMain] LiveReload server is running on port 35729
2022-10-13 10:42:21,410 INFO o.a.c.h.Http11NioProtocol [restartedMain] Starting ProtocolHandler ["http-nio-8080"]
2022-10-13 10:42:21,435 INFO o.s.b.w.e.t.TomcatWebServer [restartedMain] Tomcat started on port(s): 8080 (http) with context path ''
2022-10-13 10:42:21,455 INFO c.c.r.RewardsProgramApplication [restartedMain] Started RewardsProgramApplication in 6.951 seconds (JVM running for 8.32)
2022-10-13 10:42:25,440 INFO c.c.r.p.RewardsProgramPoller [Thread-6] Checking purchase transaction table...
2022-10-13 10:42:25,591 INFO c.c.r.p.RewardsProgramPoller [Thread-6] Processing PurchaseReward [id=1, customerId=1, purchaseTransactionId=1, pointsEarned=50]
2022-10-13 10:42:25,696 INFO c.c.r.p.RewardsProgramPoller [Thread-6] Completed processing PurchaseReward [id=1, customerId=1, purchaseTransactionId=1, pointsEarned=50]
2022-10-13 10:42:25,697 INFO c.c.r.p.RewardsProgramPoller [Thread-6] Processing PurchaseReward [id=2, customerId=2, purchaseTransactionId=2, pointsEarned=90]
2022-10-13 10:42:25,703 INFO c.c.r.p.RewardsProgramPoller [Thread-6] Completed processing PurchaseReward [id=2, customerId=2, purchaseTransactionId=2, pointsEarned=90]
2022-10-13 10:42:25,703 INFO c.c.r.p.RewardsProgramPoller [Thread-6] Processing PurchaseReward [id=3, customerId=1, purchaseTransactionId=3, pointsEarned=250]
2022-10-13 10:42:25,706 INFO c.c.r.p.RewardsProgramPoller [Thread-6] Completed processing PurchaseReward [id=3, customerId=1, purchaseTransactionId=3, pointsEarned=250]
2022-10-13 10:42:25,706 INFO c.c.r.p.RewardsProgramPoller [Thread-6] Processed Transactions: 3
2022-10-13 10:42:28,816 INFO o.a.c.c.C.[.[.[/] [http-nio-8080-exec-2] Initializing Spring DispatcherServlet 'dispatcherServlet'
2022-10-13 10:42:28,818 INFO o.s.w.s.DispatcherServlet [http-nio-8080-exec-2] Initializing Servlet 'dispatcherServlet'
2022-10-13 10:42:28,842 INFO o.s.w.s.DispatcherServlet [http-nio-8080-exec-2] Completed initialization in 24 ms
2022-10-13 10:42:30,712 INFO c.c.r.p.RewardsProgramPoller [Thread-6] Checking purchase transaction table...
2022-10-13 10:42:30,732 INFO c.c.r.p.RewardsProgramPoller [Thread-6] Processed Transactions: 0
2022-10-13 10:42:35,737 INFO c.c.r.p.RewardsProgramPoller [Thread-6] Checking purchase transaction table...
2022-10-13 10:42:35,739 INFO c.c.r.p.RewardsProgramPoller [Thread-6] Processed Transactions: 0
2022-10-13 10:42:40,759 INFO c.c.r.p.RewardsProgramPoller [Thread-6] Checking purchase transaction table...
2022-10-13 10:42:40,801 INFO c.c.r.p.RewardsProgramPoller [Thread-6] Processed Transactions: 0
2022-10-13 10:42:42,428 INFO o.s.o.j.LocalContainerEntityManagerFactoryBean [SpringApplicationShutdownHook] Closing JPA EntityManagerFactory for persistence unit 'default'
2022-10-13 10:42:42,626 ERROR c.z.h.p.HikariPool [HikariPool-1 connection adder] HikariPool-1 - Error thrown while acquiring connection from data source
org.h2.jdbc.JdbcSQLNonTransientConnectionException: The database is open in exclusive mode; can not open additional connections [90135-214]
	at org.h2.message.DbException.getJdbcSQLException(DbException.java:678) ~[h2-2.1.214.jar:2.1.214]
	at org.h2.message.DbException.getJdbcSQLException(DbException.java:477) ~[h2-2.1.214.jar:2.1.214]
	at org.h2.message.DbException.get(DbException.java:223) ~[h2-2.1.214.jar:2.1.214]
	at org.h2.message.DbException.get(DbException.java:199) ~[h2-2.1.214.jar:2.1.214]
	at org.h2.message.DbException.get(DbException.java:188) ~[h2-2.1.214.jar:2.1.214]
	at org.h2.engine.SessionLocal.checkSuspended(SessionLocal.java:1240) ~[h2-2.1.214.jar:2.1.214]
	at org.h2.engine.SessionLocal.isOpen(SessionLocal.java:1173) ~[h2-2.1.214.jar:2.1.214]
	at org.h2.engine.SessionLocal.waitIfExclusiveModeEnabled(SessionLocal.java:1486) ~[h2-2.1.214.jar:2.1.214]
	at org.h2.command.Command.executeQuery(Command.java:180) ~[h2-2.1.214.jar:2.1.214]
	at org.h2.jdbc.JdbcConnection.isReadOnly(JdbcConnection.java:538) ~[h2-2.1.214.jar:2.1.214]
	at com.zaxxer.hikari.pool.PoolBase.setupConnection(PoolBase.java:408) ~[HikariCP-4.0.3.jar:?]
	at com.zaxxer.hikari.pool.PoolBase.newConnection(PoolBase.java:369) ~[HikariCP-4.0.3.jar:?]
	at com.zaxxer.hikari.pool.PoolBase.newPoolEntry(PoolBase.java:206) ~[HikariCP-4.0.3.jar:?]
	at com.zaxxer.hikari.pool.HikariPool.createPoolEntry(HikariPool.java:476) ~[HikariCP-4.0.3.jar:?]
	at com.zaxxer.hikari.pool.HikariPool.access$100(HikariPool.java:71) ~[HikariCP-4.0.3.jar:?]
	at com.zaxxer.hikari.pool.HikariPool$PoolEntryCreator.call(HikariPool.java:726) ~[HikariCP-4.0.3.jar:?]
	at com.zaxxer.hikari.pool.HikariPool$PoolEntryCreator.call(HikariPool.java:712) ~[HikariCP-4.0.3.jar:?]
	at java.util.concurrent.FutureTask.run(FutureTask.java:266) ~[?:1.8.0_321]
	at java.util.concurrent.ThreadPoolExecutor.runWorker(ThreadPoolExecutor.java:1149) ~[?:1.8.0_321]
	at java.util.concurrent.ThreadPoolExecutor$Worker.run(ThreadPoolExecutor.java:624) ~[?:1.8.0_321]
	at java.lang.Thread.run(Thread.java:750) ~[?:1.8.0_321]
2022-10-13 10:42:42,722 WARN o.s.b.f.s.DisposableBeanAdapter [SpringApplicationShutdownHook] Invocation of destroy method failed on bean with name 'inMemoryDatabaseShutdownExecutor': org.h2.jdbc.JdbcSQLNonTransientConnectionException: Database is already closed (to disable automatic closing at VM shutdown, add ";DB_CLOSE_ON_EXIT=FALSE" to the db URL) [90121-214]
2022-10-13 10:42:42,724 INFO c.z.h.HikariDataSource [SpringApplicationShutdownHook] HikariPool-1 - Shutdown initiated...
2022-10-13 10:42:42,900 INFO c.z.h.HikariDataSource [SpringApplicationShutdownHook] HikariPool-1 - Shutdown completed.
2022-10-13 11:05:18,012 INFO c.c.r.RewardsProgramApplication [restartedMain] Starting RewardsProgramApplication using Java 1.8.0_321 on Dons-MacBook-Pro.local with PID 7464 (/Users/dmacollo/Desktop/Projects/Java/rewards-program/target/classes started by dmacollo in /Users/dmacollo/Desktop/Projects/Java/rewards-program)
2022-10-13 11:05:18,022 INFO c.c.r.RewardsProgramApplication [restartedMain] No active profile set, falling back to 1 default profile: "default"
2022-10-13 11:05:18,189 INFO o.s.b.d.e.DevToolsPropertyDefaultsPostProcessor [restartedMain] Devtools property defaults active! Set 'spring.devtools.add-properties' to 'false' to disable
2022-10-13 11:05:18,190 INFO o.s.b.d.e.DevToolsPropertyDefaultsPostProcessor [restartedMain] For additional web related logging consider setting the 'logging.level.web' property to 'DEBUG'
2022-10-13 11:05:19,343 INFO o.s.d.r.c.RepositoryConfigurationDelegate [restartedMain] Bootstrapping Spring Data JPA repositories in DEFAULT mode.
2022-10-13 11:05:19,444 INFO o.s.d.r.c.RepositoryConfigurationDelegate [restartedMain] Finished Spring Data repository scanning in 84 ms. Found 3 JPA repository interfaces.
2022-10-13 11:05:20,780 INFO o.s.b.w.e.t.TomcatWebServer [restartedMain] Tomcat initialized with port(s): 8080 (http)
2022-10-13 11:05:20,803 INFO o.a.c.h.Http11NioProtocol [restartedMain] Initializing ProtocolHandler ["http-nio-8080"]
2022-10-13 11:05:20,804 INFO o.a.c.c.StandardService [restartedMain] Starting service [Tomcat]
2022-10-13 11:05:20,805 INFO o.a.c.c.StandardEngine [restartedMain] Starting Servlet engine: [Apache Tomcat/9.0.65]
2022-10-13 11:05:20,923 INFO o.a.c.c.C.[.[.[/] [restartedMain] Initializing Spring embedded WebApplicationContext
2022-10-13 11:05:20,924 INFO o.s.b.w.s.c.ServletWebServerApplicationContext [restartedMain] Root WebApplicationContext: initialization completed in 2732 ms
2022-10-13 11:05:21,026 INFO c.z.h.HikariDataSource [restartedMain] HikariPool-1 - Starting...
2022-10-13 11:05:21,260 INFO c.z.h.HikariDataSource [restartedMain] HikariPool-1 - Start completed.
2022-10-13 11:05:21,301 INFO o.s.b.a.h.H2ConsoleAutoConfiguration [restartedMain] H2 console available at '/h2-console'. Database available at 'jdbc:h2:mem:testdb'
2022-10-13 11:05:21,712 INFO o.h.j.i.u.LogHelper [restartedMain] HHH000204: Processing PersistenceUnitInfo [name: default]
2022-10-13 11:05:21,758 INFO o.h.Version [restartedMain] HHH000412: Hibernate ORM core version 5.6.11.Final
2022-10-13 11:05:21,935 INFO o.h.a.c.Version [restartedMain] HCANN000001: Hibernate Commons Annotations {5.1.2.Final}
2022-10-13 11:05:22,047 INFO o.h.d.Dialect [restartedMain] HHH000400: Using dialect: org.hibernate.dialect.H2Dialect
2022-10-13 11:05:22,696 INFO o.h.e.t.j.p.i.JtaPlatformInitiator [restartedMain] HHH000490: Using JtaPlatform implementation: [org.hibernate.engine.transaction.jta.platform.internal.NoJtaPlatform]
2022-10-13 11:05:22,706 INFO o.s.o.j.LocalContainerEntityManagerFactoryBean [restartedMain] Initialized JPA EntityManagerFactory for persistence unit 'default'
2022-10-13 11:05:23,598 INFO c.c.r.p.RewardsProgramPoller [restartedMain] Poller has been initialized
2022-10-13 11:05:23,707 INFO c.c.r.p.RewardsProgramPoller [restartedMain] Poller has been started
2022-10-13 11:05:23,869 WARN o.s.b.a.o.j.JpaBaseConfiguration$JpaWebConfiguration [restartedMain] spring.jpa.open-in-view is enabled by default. Therefore, database queries may be performed during view rendering. Explicitly configure spring.jpa.open-in-view to disable this warning
2022-10-13 11:05:24,587 INFO o.s.b.d.a.OptionalLiveReloadServer [restartedMain] LiveReload server is running on port 35729
2022-10-13 11:05:24,619 INFO o.a.c.h.Http11NioProtocol [restartedMain] Starting ProtocolHandler ["http-nio-8080"]
2022-10-13 11:05:24,643 INFO o.s.b.w.e.t.TomcatWebServer [restartedMain] Tomcat started on port(s): 8080 (http) with context path ''
2022-10-13 11:05:24,668 INFO c.c.r.RewardsProgramApplication [restartedMain] Started RewardsProgramApplication in 7.188 seconds (JVM running for 8.509)
2022-10-13 11:05:28,714 INFO c.c.r.p.RewardsProgramPoller [Thread-6] Checking purchase transaction table...
2022-10-13 11:05:28,844 INFO c.c.r.p.RewardsProgramPoller [Thread-6] Processing PurchaseReward [id=1, customerId=1, purchaseTransactionId=1, pointsEarned=50]
2022-10-13 11:05:28,968 INFO c.c.r.p.RewardsProgramPoller [Thread-6] Completed processing PurchaseReward [id=1, customerId=1, purchaseTransactionId=1, pointsEarned=50]
2022-10-13 11:05:28,969 INFO c.c.r.p.RewardsProgramPoller [Thread-6] Processing PurchaseReward [id=2, customerId=2, purchaseTransactionId=2, pointsEarned=90]
2022-10-13 11:05:28,973 INFO c.c.r.p.RewardsProgramPoller [Thread-6] Completed processing PurchaseReward [id=2, customerId=2, purchaseTransactionId=2, pointsEarned=90]
2022-10-13 11:05:28,974 INFO c.c.r.p.RewardsProgramPoller [Thread-6] Processing PurchaseReward [id=3, customerId=1, purchaseTransactionId=3, pointsEarned=250]
2022-10-13 11:05:28,976 INFO c.c.r.p.RewardsProgramPoller [Thread-6] Completed processing PurchaseReward [id=3, customerId=1, purchaseTransactionId=3, pointsEarned=250]
2022-10-13 11:05:28,977 INFO c.c.r.p.RewardsProgramPoller [Thread-6] Processed Transactions: 3
2022-10-13 11:05:33,980 INFO c.c.r.p.RewardsProgramPoller [Thread-6] Checking purchase transaction table...
2022-10-13 11:05:33,990 INFO c.c.r.p.RewardsProgramPoller [Thread-6] Processed Transactions: 0
2022-10-13 11:05:36,116 INFO o.a.c.c.C.[.[.[/] [http-nio-8080-exec-2] Initializing Spring DispatcherServlet 'dispatcherServlet'
2022-10-13 11:05:36,117 INFO o.s.w.s.DispatcherServlet [http-nio-8080-exec-2] Initializing Servlet 'dispatcherServlet'
2022-10-13 11:05:36,139 INFO o.s.w.s.DispatcherServlet [http-nio-8080-exec-2] Completed initialization in 22 ms
2022-10-13 11:05:38,996 INFO c.c.r.p.RewardsProgramPoller [Thread-6] Checking purchase transaction table...
2022-10-13 11:05:39,005 INFO c.c.r.p.RewardsProgramPoller [Thread-6] Processed Transactions: 0
2022-10-13 11:05:43,482 WARN o.s.w.s.m.m.a.ExceptionHandlerExceptionResolver [http-nio-8080-exec-3] Resolved [com.chartercom.rewardsprogram.exceptions.CustomerNotFoundException: Customer not found!]
2022-10-13 11:05:44,011 INFO c.c.r.p.RewardsProgramPoller [Thread-6] Checking purchase transaction table...
2022-10-13 11:05:44,019 INFO c.c.r.p.RewardsProgramPoller [Thread-6] Processed Transactions: 0
2022-10-13 11:05:49,026 INFO c.c.r.p.RewardsProgramPoller [Thread-6] Checking purchase transaction table...
2022-10-13 11:05:49,039 INFO c.c.r.p.RewardsProgramPoller [Thread-6] Processed Transactions: 0
2022-10-13 11:05:54,045 INFO c.c.r.p.RewardsProgramPoller [Thread-6] Checking purchase transaction table...
2022-10-13 11:05:54,068 INFO c.c.r.p.RewardsProgramPoller [Thread-6] Processed Transactions: 0
2022-10-13 11:05:59,070 INFO c.c.r.p.RewardsProgramPoller [Thread-6] Checking purchase transaction table...
2022-10-13 11:05:59,082 INFO c.c.r.p.RewardsProgramPoller [Thread-6] Processed Transactions: 0
2022-10-13 11:06:04,087 INFO c.c.r.p.RewardsProgramPoller [Thread-6] Checking purchase transaction table...
2022-10-13 11:06:04,096 INFO c.c.r.p.RewardsProgramPoller [Thread-6] Processed Transactions: 0
2022-10-13 11:06:09,102 INFO c.c.r.p.RewardsProgramPoller [Thread-6] Checking purchase transaction table...
2022-10-13 11:06:09,121 INFO c.c.r.p.RewardsProgramPoller [Thread-6] Processed Transactions: 0
2022-10-13 11:06:14,127 INFO c.c.r.p.RewardsProgramPoller [Thread-6] Checking purchase transaction table...
2022-10-13 11:06:14,138 INFO c.c.r.p.RewardsProgramPoller [Thread-6] Processed Transactions: 0
2022-10-13 11:06:19,144 INFO c.c.r.p.RewardsProgramPoller [Thread-6] Checking purchase transaction table...
2022-10-13 11:06:19,147 INFO c.c.r.p.RewardsProgramPoller [Thread-6] Processed Transactions: 0
2022-10-13 11:06:24,152 INFO c.c.r.p.RewardsProgramPoller [Thread-6] Checking purchase transaction table...
2022-10-13 11:06:24,167 INFO c.c.r.p.RewardsProgramPoller [Thread-6] Processed Transactions: 0
2022-10-13 11:06:29,173 INFO c.c.r.p.RewardsProgramPoller [Thread-6] Checking purchase transaction table...
2022-10-13 11:06:29,175 INFO c.c.r.p.RewardsProgramPoller [Thread-6] Processed Transactions: 0
2022-10-13 11:06:34,180 INFO c.c.r.p.RewardsProgramPoller [Thread-6] Checking purchase transaction table...
2022-10-13 11:06:34,182 INFO c.c.r.p.RewardsProgramPoller [Thread-6] Processed Transactions: 0
2022-10-13 11:06:39,187 INFO c.c.r.p.RewardsProgramPoller [Thread-6] Checking purchase transaction table...
2022-10-13 11:06:39,204 INFO c.c.r.p.RewardsProgramPoller [Thread-6] Processed Transactions: 0
2022-10-13 11:06:44,210 INFO c.c.r.p.RewardsProgramPoller [Thread-6] Checking purchase transaction table...
2022-10-13 11:06:44,222 INFO c.c.r.p.RewardsProgramPoller [Thread-6] Processed Transactions: 0
2022-10-13 11:06:49,229 INFO c.c.r.p.RewardsProgramPoller [Thread-6] Checking purchase transaction table...
2022-10-13 11:06:49,233 INFO c.c.r.p.RewardsProgramPoller [Thread-6] Processed Transactions: 0
2022-10-13 11:06:54,239 INFO c.c.r.p.RewardsProgramPoller [Thread-6] Checking purchase transaction table...
2022-10-13 11:06:54,242 INFO c.c.r.p.RewardsProgramPoller [Thread-6] Processed Transactions: 0
2022-10-13 11:06:59,245 INFO c.c.r.p.RewardsProgramPoller [Thread-6] Checking purchase transaction table...
2022-10-13 11:06:59,251 INFO c.c.r.p.RewardsProgramPoller [Thread-6] Processed Transactions: 0
2022-10-13 11:07:04,257 INFO c.c.r.p.RewardsProgramPoller [Thread-6] Checking purchase transaction table...
2022-10-13 11:07:04,260 INFO c.c.r.p.RewardsProgramPoller [Thread-6] Processed Transactions: 0
2022-10-13 11:07:09,265 INFO c.c.r.p.RewardsProgramPoller [Thread-6] Checking purchase transaction table...
2022-10-13 11:07:09,269 INFO c.c.r.p.RewardsProgramPoller [Thread-6] Processed Transactions: 0
2022-10-13 11:07:14,276 INFO c.c.r.p.RewardsProgramPoller [Thread-6] Checking purchase transaction table...
2022-10-13 11:07:14,277 INFO c.c.r.p.RewardsProgramPoller [Thread-6] Processed Transactions: 0
2022-10-13 11:07:19,280 INFO c.c.r.p.RewardsProgramPoller [Thread-6] Checking purchase transaction table...
2022-10-13 11:07:19,286 INFO c.c.r.p.RewardsProgramPoller [Thread-6] Processed Transactions: 0
2022-10-13 11:07:24,291 INFO c.c.r.p.RewardsProgramPoller [Thread-6] Checking purchase transaction table...
2022-10-13 11:07:24,297 INFO c.c.r.p.RewardsProgramPoller [Thread-6] Processed Transactions: 0
2022-10-13 11:07:29,303 INFO c.c.r.p.RewardsProgramPoller [Thread-6] Checking purchase transaction table...
2022-10-13 11:07:29,304 INFO c.c.r.p.RewardsProgramPoller [Thread-6] Processed Transactions: 0
2022-10-13 11:07:34,309 INFO c.c.r.p.RewardsProgramPoller [Thread-6] Checking purchase transaction table...
2022-10-13 11:07:34,311 INFO c.c.r.p.RewardsProgramPoller [Thread-6] Processed Transactions: 0
2022-10-13 11:07:39,312 INFO c.c.r.p.RewardsProgramPoller [Thread-6] Checking purchase transaction table...
2022-10-13 11:07:39,314 INFO c.c.r.p.RewardsProgramPoller [Thread-6] Processed Transactions: 0
2022-10-13 11:07:44,320 INFO c.c.r.p.RewardsProgramPoller [Thread-6] Checking purchase transaction table...
2022-10-13 11:07:44,326 INFO c.c.r.p.RewardsProgramPoller [Thread-6] Processed Transactions: 0
2022-10-13 11:07:49,332 INFO c.c.r.p.RewardsProgramPoller [Thread-6] Checking purchase transaction table...
2022-10-13 11:07:49,341 INFO c.c.r.p.RewardsProgramPoller [Thread-6] Processed Transactions: 0
2022-10-13 11:07:54,347 INFO c.c.r.p.RewardsProgramPoller [Thread-6] Checking purchase transaction table...
2022-10-13 11:07:54,348 INFO c.c.r.p.RewardsProgramPoller [Thread-6] Processed Transactions: 0
2022-10-13 11:07:59,354 INFO c.c.r.p.RewardsProgramPoller [Thread-6] Checking purchase transaction table...
2022-10-13 11:07:59,364 INFO c.c.r.p.RewardsProgramPoller [Thread-6] Processed Transactions: 0
2022-10-13 11:08:04,369 INFO c.c.r.p.RewardsProgramPoller [Thread-6] Checking purchase transaction table...
2022-10-13 11:08:04,371 INFO c.c.r.p.RewardsProgramPoller [Thread-6] Processed Transactions: 0
2022-10-13 11:08:09,377 INFO c.c.r.p.RewardsProgramPoller [Thread-6] Checking purchase transaction table...
2022-10-13 11:08:09,381 INFO c.c.r.p.RewardsProgramPoller [Thread-6] Processed Transactions: 0
2022-10-13 11:08:14,386 INFO c.c.r.p.RewardsProgramPoller [Thread-6] Checking purchase transaction table...
2022-10-13 11:08:14,388 INFO c.c.r.p.RewardsProgramPoller [Thread-6] Processed Transactions: 0
2022-10-13 11:08:19,392 INFO c.c.r.p.RewardsProgramPoller [Thread-6] Checking purchase transaction table...
2022-10-13 11:08:19,397 INFO c.c.r.p.RewardsProgramPoller [Thread-6] Processed Transactions: 0
2022-10-13 11:08:24,401 INFO c.c.r.p.RewardsProgramPoller [Thread-6] Checking purchase transaction table...
2022-10-13 11:08:24,403 INFO c.c.r.p.RewardsProgramPoller [Thread-6] Processed Transactions: 0
2022-10-13 11:08:29,408 INFO c.c.r.p.RewardsProgramPoller [Thread-6] Checking purchase transaction table...
2022-10-13 11:08:29,414 INFO c.c.r.p.RewardsProgramPoller [Thread-6] Processed Transactions: 0
2022-10-13 11:08:34,419 INFO c.c.r.p.RewardsProgramPoller [Thread-6] Checking purchase transaction table...
2022-10-13 11:08:34,424 INFO c.c.r.p.RewardsProgramPoller [Thread-6] Processed Transactions: 0
2022-10-13 11:08:39,430 INFO c.c.r.p.RewardsProgramPoller [Thread-6] Checking purchase transaction table...
2022-10-13 11:08:39,433 INFO c.c.r.p.RewardsProgramPoller [Thread-6] Processed Transactions: 0
2022-10-13 11:08:44,439 INFO c.c.r.p.RewardsProgramPoller [Thread-6] Checking purchase transaction table...
2022-10-13 11:08:44,441 INFO c.c.r.p.RewardsProgramPoller [Thread-6] Processed Transactions: 0
2022-10-13 11:08:49,446 INFO c.c.r.p.RewardsProgramPoller [Thread-6] Checking purchase transaction table...
2022-10-13 11:08:49,449 INFO c.c.r.p.RewardsProgramPoller [Thread-6] Processed Transactions: 0
2022-10-13 11:08:54,456 INFO c.c.r.p.RewardsProgramPoller [Thread-6] Checking purchase transaction table...
2022-10-13 11:08:54,467 INFO c.c.r.p.RewardsProgramPoller [Thread-6] Processed Transactions: 0
2022-10-13 11:08:59,469 INFO c.c.r.p.RewardsProgramPoller [Thread-6] Checking purchase transaction table...
2022-10-13 11:08:59,474 INFO c.c.r.p.RewardsProgramPoller [Thread-6] Processed Transactions: 0
2022-10-13 11:09:04,480 INFO c.c.r.p.RewardsProgramPoller [Thread-6] Checking purchase transaction table...
2022-10-13 11:09:04,482 INFO c.c.r.p.RewardsProgramPoller [Thread-6] Processed Transactions: 0
2022-10-13 11:09:09,488 INFO c.c.r.p.RewardsProgramPoller [Thread-6] Checking purchase transaction table...
2022-10-13 11:09:09,500 INFO c.c.r.p.RewardsProgramPoller [Thread-6] Processed Transactions: 0
2022-10-13 11:09:14,505 INFO c.c.r.p.RewardsProgramPoller [Thread-6] Checking purchase transaction table...
2022-10-13 11:09:14,517 INFO c.c.r.p.RewardsProgramPoller [Thread-6] Processed Transactions: 0
2022-10-13 11:09:19,523 INFO c.c.r.p.RewardsProgramPoller [Thread-6] Checking purchase transaction table...
2022-10-13 11:09:19,534 INFO c.c.r.p.RewardsProgramPoller [Thread-6] Processed Transactions: 0
2022-10-13 11:09:24,539 INFO c.c.r.p.RewardsProgramPoller [Thread-6] Checking purchase transaction table...
2022-10-13 11:09:24,544 INFO c.c.r.p.RewardsProgramPoller [Thread-6] Processed Transactions: 0
2022-10-13 11:09:29,549 INFO c.c.r.p.RewardsProgramPoller [Thread-6] Checking purchase transaction table...
2022-10-13 11:09:29,551 INFO c.c.r.p.RewardsProgramPoller [Thread-6] Processed Transactions: 0
2022-10-13 11:09:34,557 INFO c.c.r.p.RewardsProgramPoller [Thread-6] Checking purchase transaction table...
2022-10-13 11:09:34,560 INFO c.c.r.p.RewardsProgramPoller [Thread-6] Processed Transactions: 0
2022-10-13 11:09:39,566 INFO c.c.r.p.RewardsProgramPoller [Thread-6] Checking purchase transaction table...
2022-10-13 11:09:39,586 INFO c.c.r.p.RewardsProgramPoller [Thread-6] Processed Transactions: 0
2022-10-13 11:09:44,590 INFO c.c.r.p.RewardsProgramPoller [Thread-6] Checking purchase transaction table...
2022-10-13 11:09:44,594 INFO c.c.r.p.RewardsProgramPoller [Thread-6] Processed Transactions: 0
2022-10-13 11:09:49,594 INFO c.c.r.p.RewardsProgramPoller [Thread-6] Checking purchase transaction table...
2022-10-13 11:09:49,596 INFO c.c.r.p.RewardsProgramPoller [Thread-6] Processed Transactions: 0
2022-10-13 11:09:54,601 INFO c.c.r.p.RewardsProgramPoller [Thread-6] Checking purchase transaction table...
2022-10-13 11:09:54,603 INFO c.c.r.p.RewardsProgramPoller [Thread-6] Processed Transactions: 0
2022-10-13 11:09:59,609 INFO c.c.r.p.RewardsProgramPoller [Thread-6] Checking purchase transaction table...
2022-10-13 11:09:59,612 INFO c.c.r.p.RewardsProgramPoller [Thread-6] Processed Transactions: 0
2022-10-13 11:10:04,618 INFO c.c.r.p.RewardsProgramPoller [Thread-6] Checking purchase transaction table...
2022-10-13 11:10:04,625 INFO c.c.r.p.RewardsProgramPoller [Thread-6] Processed Transactions: 0
2022-10-13 11:10:09,630 INFO c.c.r.p.RewardsProgramPoller [Thread-6] Checking purchase transaction table...
2022-10-13 11:10:09,632 INFO c.c.r.p.RewardsProgramPoller [Thread-6] Processed Transactions: 0
2022-10-13 11:10:14,635 INFO c.c.r.p.RewardsProgramPoller [Thread-6] Checking purchase transaction table...
2022-10-13 11:10:14,637 INFO c.c.r.p.RewardsProgramPoller [Thread-6] Processed Transactions: 0
2022-10-13 11:10:19,643 INFO c.c.r.p.RewardsProgramPoller [Thread-6] Checking purchase transaction table...
2022-10-13 11:10:19,651 INFO c.c.r.p.RewardsProgramPoller [Thread-6] Processed Transactions: 0
2022-10-13 11:10:24,657 INFO c.c.r.p.RewardsProgramPoller [Thread-6] Checking purchase transaction table...
2022-10-13 11:10:24,660 INFO c.c.r.p.RewardsProgramPoller [Thread-6] Processed Transactions: 0
2022-10-13 11:10:29,665 INFO c.c.r.p.RewardsProgramPoller [Thread-6] Checking purchase transaction table...
2022-10-13 11:10:29,670 INFO c.c.r.p.RewardsProgramPoller [Thread-6] Processed Transactions: 0
2022-10-13 11:10:34,675 INFO c.c.r.p.RewardsProgramPoller [Thread-6] Checking purchase transaction table...
2022-10-13 11:10:34,682 INFO c.c.r.p.RewardsProgramPoller [Thread-6] Processed Transactions: 0
2022-10-13 11:10:39,688 INFO c.c.r.p.RewardsProgramPoller [Thread-6] Checking purchase transaction table...
2022-10-13 11:10:39,689 INFO c.c.r.p.RewardsProgramPoller [Thread-6] Processed Transactions: 0
2022-10-13 11:10:44,697 INFO c.c.r.p.RewardsProgramPoller [Thread-6] Checking purchase transaction table...
2022-10-13 11:10:44,806 INFO c.c.r.p.RewardsProgramPoller [Thread-6] Processed Transactions: 0
2022-10-13 11:10:49,811 INFO c.c.r.p.RewardsProgramPoller [Thread-6] Checking purchase transaction table...
2022-10-13 11:10:49,815 INFO c.c.r.p.RewardsProgramPoller [Thread-6] Processed Transactions: 0
2022-10-13 11:10:54,820 INFO c.c.r.p.RewardsProgramPoller [Thread-6] Checking purchase transaction table...
2022-10-13 11:10:54,833 INFO c.c.r.p.RewardsProgramPoller [Thread-6] Processed Transactions: 0
2022-10-13 11:10:59,838 INFO c.c.r.p.RewardsProgramPoller [Thread-6] Checking purchase transaction table...
2022-10-13 11:10:59,844 INFO c.c.r.p.RewardsProgramPoller [Thread-6] Processed Transactions: 0
2022-10-13 11:11:04,849 INFO c.c.r.p.RewardsProgramPoller [Thread-6] Checking purchase transaction table...
2022-10-13 11:11:04,856 INFO c.c.r.p.RewardsProgramPoller [Thread-6] Processed Transactions: 0
2022-10-13 11:11:09,859 INFO c.c.r.p.RewardsProgramPoller [Thread-6] Checking purchase transaction table...
2022-10-13 11:11:09,898 INFO c.c.r.p.RewardsProgramPoller [Thread-6] Processed Transactions: 0
2022-10-13 11:11:14,904 INFO c.c.r.p.RewardsProgramPoller [Thread-6] Checking purchase transaction table...
2022-10-13 11:11:14,907 INFO c.c.r.p.RewardsProgramPoller [Thread-6] Processed Transactions: 0
2022-10-13 11:11:19,912 INFO c.c.r.p.RewardsProgramPoller [Thread-6] Checking purchase transaction table...
2022-10-13 11:11:19,914 INFO c.c.r.p.RewardsProgramPoller [Thread-6] Processed Transactions: 0
2022-10-13 11:11:24,919 INFO c.c.r.p.RewardsProgramPoller [Thread-6] Checking purchase transaction table...
2022-10-13 11:11:24,920 INFO c.c.r.p.RewardsProgramPoller [Thread-6] Processed Transactions: 0
2022-10-13 11:11:29,923 INFO c.c.r.p.RewardsProgramPoller [Thread-6] Checking purchase transaction table...
2022-10-13 11:11:29,929 INFO c.c.r.p.RewardsProgramPoller [Thread-6] Processed Transactions: 0
2022-10-13 11:11:34,935 INFO c.c.r.p.RewardsProgramPoller [Thread-6] Checking purchase transaction table...
2022-10-13 11:11:34,942 INFO c.c.r.p.RewardsProgramPoller [Thread-6] Processed Transactions: 0
2022-10-13 11:11:39,948 INFO c.c.r.p.RewardsProgramPoller [Thread-6] Checking purchase transaction table...
2022-10-13 11:11:39,960 INFO c.c.r.p.RewardsProgramPoller [Thread-6] Processed Transactions: 0
2022-10-13 11:11:44,966 INFO c.c.r.p.RewardsProgramPoller [Thread-6] Checking purchase transaction table...
2022-10-13 11:11:44,974 INFO c.c.r.p.RewardsProgramPoller [Thread-6] Processed Transactions: 0
2022-10-13 11:11:49,977 INFO c.c.r.p.RewardsProgramPoller [Thread-6] Checking purchase transaction table...
2022-10-13 11:11:49,984 INFO c.c.r.p.RewardsProgramPoller [Thread-6] Processed Transactions: 0
2022-10-13 11:11:54,991 INFO c.c.r.p.RewardsProgramPoller [Thread-6] Checking purchase transaction table...
2022-10-13 11:11:54,999 INFO c.c.r.p.RewardsProgramPoller [Thread-6] Processed Transactions: 0
2022-10-13 11:12:00,005 INFO c.c.r.p.RewardsProgramPoller [Thread-6] Checking purchase transaction table...
2022-10-13 11:12:00,009 INFO c.c.r.p.RewardsProgramPoller [Thread-6] Processed Transactions: 0
2022-10-13 11:12:05,014 INFO c.c.r.p.RewardsProgramPoller [Thread-6] Checking purchase transaction table...
2022-10-13 11:12:05,016 INFO c.c.r.p.RewardsProgramPoller [Thread-6] Processed Transactions: 0
2022-10-13 11:12:10,019 INFO c.c.r.p.RewardsProgramPoller [Thread-6] Checking purchase transaction table...
2022-10-13 11:12:10,022 INFO c.c.r.p.RewardsProgramPoller [Thread-6] Processed Transactions: 0
2022-10-13 11:12:15,023 INFO c.c.r.p.RewardsProgramPoller [Thread-6] Checking purchase transaction table...
2022-10-13 11:12:15,029 INFO c.c.r.p.RewardsProgramPoller [Thread-6] Processed Transactions: 0
2022-10-13 11:12:20,034 INFO c.c.r.p.RewardsProgramPoller [Thread-6] Checking purchase transaction table...
2022-10-13 11:12:20,046 INFO c.c.r.p.RewardsProgramPoller [Thread-6] Processed Transactions: 0
2022-10-13 11:12:25,052 INFO c.c.r.p.RewardsProgramPoller [Thread-6] Checking purchase transaction table...
2022-10-13 11:12:25,056 INFO c.c.r.p.RewardsProgramPoller [Thread-6] Processed Transactions: 0
2022-10-13 11:12:30,061 INFO c.c.r.p.RewardsProgramPoller [Thread-6] Checking purchase transaction table...
2022-10-13 11:12:30,066 INFO c.c.r.p.RewardsProgramPoller [Thread-6] Processed Transactions: 0
2022-10-13 11:12:35,070 INFO c.c.r.p.RewardsProgramPoller [Thread-6] Checking purchase transaction table...
2022-10-13 11:12:35,072 INFO c.c.r.p.RewardsProgramPoller [Thread-6] Processed Transactions: 0
2022-10-13 11:12:40,077 INFO c.c.r.p.RewardsProgramPoller [Thread-6] Checking purchase transaction table...
2022-10-13 11:12:40,081 INFO c.c.r.p.RewardsProgramPoller [Thread-6] Processed Transactions: 0
2022-10-13 11:12:45,100 INFO c.c.r.p.RewardsProgramPoller [Thread-6] Checking purchase transaction table...
2022-10-13 11:12:45,284 INFO c.c.r.p.RewardsProgramPoller [Thread-6] Processed Transactions: 0
2022-10-13 11:12:50,294 INFO c.c.r.p.RewardsProgramPoller [Thread-6] Checking purchase transaction table...
2022-10-13 11:12:50,339 INFO c.c.r.p.RewardsProgramPoller [Thread-6] Processed Transactions: 0
2022-10-13 11:12:55,344 INFO c.c.r.p.RewardsProgramPoller [Thread-6] Checking purchase transaction table...
2022-10-13 11:12:55,378 INFO c.c.r.p.RewardsProgramPoller [Thread-6] Processed Transactions: 0
2022-10-13 11:13:00,385 INFO c.c.r.p.RewardsProgramPoller [Thread-6] Checking purchase transaction table...
2022-10-13 11:13:00,419 INFO c.c.r.p.RewardsProgramPoller [Thread-6] Processed Transactions: 0
2022-10-13 11:13:05,425 INFO c.c.r.p.RewardsProgramPoller [Thread-6] Checking purchase transaction table...
2022-10-13 11:13:05,430 INFO c.c.r.p.RewardsProgramPoller [Thread-6] Processed Transactions: 0
2022-10-13 11:13:10,437 INFO c.c.r.p.RewardsProgramPoller [Thread-6] Checking purchase transaction table...
2022-10-13 11:13:10,455 INFO c.c.r.p.RewardsProgramPoller [Thread-6] Processed Transactions: 0
2022-10-13 11:13:15,460 INFO c.c.r.p.RewardsProgramPoller [Thread-6] Checking purchase transaction table...
2022-10-13 11:13:15,466 INFO c.c.r.p.RewardsProgramPoller [Thread-6] Processed Transactions: 0
2022-10-13 11:13:20,471 INFO c.c.r.p.RewardsProgramPoller [Thread-6] Checking purchase transaction table...
2022-10-13 11:13:20,484 INFO c.c.r.p.RewardsProgramPoller [Thread-6] Processed Transactions: 0
2022-10-13 11:13:25,485 INFO c.c.r.p.RewardsProgramPoller [Thread-6] Checking purchase transaction table...
2022-10-13 11:13:25,490 INFO c.c.r.p.RewardsProgramPoller [Thread-6] Processed Transactions: 0
2022-10-13 11:13:30,495 INFO c.c.r.p.RewardsProgramPoller [Thread-6] Checking purchase transaction table...
2022-10-13 11:13:30,498 INFO c.c.r.p.RewardsProgramPoller [Thread-6] Processed Transactions: 0
2022-10-13 11:13:35,504 INFO c.c.r.p.RewardsProgramPoller [Thread-6] Checking purchase transaction table...
2022-10-13 11:13:35,508 INFO c.c.r.p.RewardsProgramPoller [Thread-6] Processed Transactions: 0
2022-10-13 11:13:40,513 INFO c.c.r.p.RewardsProgramPoller [Thread-6] Checking purchase transaction table...
2022-10-13 11:13:40,521 INFO c.c.r.p.RewardsProgramPoller [Thread-6] Processed Transactions: 0
2022-10-13 11:13:45,527 INFO c.c.r.p.RewardsProgramPoller [Thread-6] Checking purchase transaction table...
2022-10-13 11:13:45,530 INFO c.c.r.p.RewardsProgramPoller [Thread-6] Processed Transactions: 0
2022-10-13 11:13:50,530 INFO c.c.r.p.RewardsProgramPoller [Thread-6] Checking purchase transaction table...
2022-10-13 11:13:50,533 INFO c.c.r.p.RewardsProgramPoller [Thread-6] Processed Transactions: 0
2022-10-13 11:13:55,544 INFO c.c.r.p.RewardsProgramPoller [Thread-6] Checking purchase transaction table...
2022-10-13 11:13:55,560 INFO c.c.r.p.RewardsProgramPoller [Thread-6] Processed Transactions: 0
2022-10-13 11:14:00,563 INFO c.c.r.p.RewardsProgramPoller [Thread-6] Checking purchase transaction table...
2022-10-13 11:14:00,568 INFO c.c.r.p.RewardsProgramPoller [Thread-6] Processed Transactions: 0
2022-10-13 11:14:05,587 INFO c.c.r.p.RewardsProgramPoller [Thread-6] Checking purchase transaction table...
2022-10-13 11:14:05,725 INFO c.c.r.p.RewardsProgramPoller [Thread-6] Processed Transactions: 0
2022-10-13 11:14:10,730 INFO c.c.r.p.RewardsProgramPoller [Thread-6] Checking purchase transaction table...
2022-10-13 11:14:10,732 INFO c.c.r.p.RewardsProgramPoller [Thread-6] Processed Transactions: 0
2022-10-13 11:14:15,738 INFO c.c.r.p.RewardsProgramPoller [Thread-6] Checking purchase transaction table...
2022-10-13 11:14:15,741 INFO c.c.r.p.RewardsProgramPoller [Thread-6] Processed Transactions: 0
2022-10-13 11:14:20,746 INFO c.c.r.p.RewardsProgramPoller [Thread-6] Checking purchase transaction table...
2022-10-13 11:14:20,758 INFO c.c.r.p.RewardsProgramPoller [Thread-6] Processed Transactions: 0
2022-10-13 11:14:25,764 INFO c.c.r.p.RewardsProgramPoller [Thread-6] Checking purchase transaction table...
2022-10-13 11:14:25,782 INFO c.c.r.p.RewardsProgramPoller [Thread-6] Processed Transactions: 0
2022-10-13 11:14:30,788 INFO c.c.r.p.RewardsProgramPoller [Thread-6] Checking purchase transaction table...
2022-10-13 11:14:30,801 INFO c.c.r.p.RewardsProgramPoller [Thread-6] Processed Transactions: 0
2022-10-13 11:14:35,807 INFO c.c.r.p.RewardsProgramPoller [Thread-6] Checking purchase transaction table...
2022-10-13 11:14:35,836 INFO c.c.r.p.RewardsProgramPoller [Thread-6] Processed Transactions: 0
2022-10-13 11:14:40,840 INFO c.c.r.p.RewardsProgramPoller [Thread-6] Checking purchase transaction table...
2022-10-13 11:14:40,851 INFO c.c.r.p.RewardsProgramPoller [Thread-6] Processed Transactions: 0
2022-10-13 11:14:45,854 INFO c.c.r.p.RewardsProgramPoller [Thread-6] Checking purchase transaction table...
2022-10-13 11:14:45,861 INFO c.c.r.p.RewardsProgramPoller [Thread-6] Processed Transactions: 0
2022-10-13 11:14:50,865 INFO c.c.r.p.RewardsProgramPoller [Thread-6] Checking purchase transaction table...
2022-10-13 11:14:50,868 INFO c.c.r.p.RewardsProgramPoller [Thread-6] Processed Transactions: 0
2022-10-13 11:14:55,873 INFO c.c.r.p.RewardsProgramPoller [Thread-6] Checking purchase transaction table...
2022-10-13 11:14:55,884 INFO c.c.r.p.RewardsProgramPoller [Thread-6] Processed Transactions: 0
2022-10-13 11:15:00,889 INFO c.c.r.p.RewardsProgramPoller [Thread-6] Checking purchase transaction table...
2022-10-13 11:15:00,905 INFO c.c.r.p.RewardsProgramPoller [Thread-6] Processed Transactions: 0
2022-10-13 11:15:04,738 INFO o.s.o.j.LocalContainerEntityManagerFactoryBean [SpringApplicationShutdownHook] Closing JPA EntityManagerFactory for persistence unit 'default'
2022-10-13 11:15:05,072 WARN o.s.b.f.s.DisposableBeanAdapter [SpringApplicationShutdownHook] Invocation of destroy method failed on bean with name 'inMemoryDatabaseShutdownExecutor': org.h2.jdbc.JdbcSQLNonTransientConnectionException: Database is already closed (to disable automatic closing at VM shutdown, add ";DB_CLOSE_ON_EXIT=FALSE" to the db URL) [90121-214]
2022-10-13 11:15:05,079 INFO c.z.h.HikariDataSource [SpringApplicationShutdownHook] HikariPool-1 - Shutdown initiated...
2022-10-13 11:15:05,130 INFO c.z.h.HikariDataSource [SpringApplicationShutdownHook] HikariPool-1 - Shutdown completed.
